<?xml version="1.0" encoding="UTF-8"?>
<!-- Generated by org.testng.reporters.JUnitReportReporter -->
<testsuite skipped="0" hostname="DESKTOP-307VFA0" name="com.testing_features.Parameterized_Concept" tests="1" failures="0" timestamp="2022-02-23T01:02:45 IST" time="0.055" errors="0">
  <testcase name="personal_details" time="0.055" classname="com.testing_features.Parameterized_Concept"/>
  <system-out/>
</testsuite> <!-- com.testing_features.Parameterized_Concept -->
