<?xml version="1.0" encoding="UTF-8"?>
<!-- Generated by org.testng.reporters.JUnitReportReporter -->
<testsuite skipped="1" hostname="DESKTOP-307VFA0" name="com.testing_features.Ignore_Concepts" tests="3" failures="0" timestamp="2022-02-21T15:45:53 IST" time="0.026" errors="0">
  <testcase name="iceberg" time="0.003" classname="com.testing_features.Ignore_Concepts"/>
  <system-out/>
  <testcase name="cabbage" time="0.023" classname="com.testing_features.Ignore_Concepts"/>
  <system-out/>
  <testcase name="lettuce" classname="com.testing_features.Ignore_Concepts">
    <skipped/>
  </testcase> <!-- lettuce -->
  <system-out/>
</testsuite> <!-- com.testing_features.Ignore_Concepts -->
