<?xml version="1.0" encoding="UTF-8"?>
<!-- Generated by org.testng.reporters.JUnitReportReporter -->
<testsuite skipped="0" hostname="DESKTOP-307VFA0" name="com.testing_features.Expected_Exceptions" tests="1" failures="0" timestamp="2022-02-22T13:30:54 IST" time="0.016" errors="0">
  <testcase name="demo" time="0.016" classname="com.testing_features.Expected_Exceptions"/>
  <system-out/>
</testsuite> <!-- com.testing_features.Expected_Exceptions -->
