<?xml version="1.0" encoding="UTF-8"?>
<!-- Generated by org.testng.reporters.JUnitReportReporter -->
<testsuite skipped="0" hostname="DESKTOP-307VFA0" name="com.testing_features.Priority_Testing" tests="6" failures="0" timestamp="2022-02-20T20:10:20 IST" time="0.081" errors="0">
  <testcase name="men" time="0.046" classname="com.testing_features.Priority_Testing"/>
  <system-out/>
  <testcase name="women" time="0.015" classname="com.testing_features.Priority_Testing"/>
  <system-out/>
  <testcase name="kids" time="0.000" classname="com.testing_features.Priority_Testing"/>
  <system-out/>
  <testcase name="kids" time="0.004" classname="com.testing_features.Priority_Testing"/>
  <system-out/>
  <testcase name="kids" time="0.011" classname="com.testing_features.Priority_Testing"/>
  <system-out/>
  <testcase name="kids" time="0.005" classname="com.testing_features.Priority_Testing"/>
  <system-out/>
</testsuite> <!-- com.testing_features.Priority_Testing -->
