<?xml version="1.0" encoding="UTF-8"?>
<!-- Generated by org.testng.reporters.JUnitReportReporter -->
<testsuite skipped="0" hostname="DESKTOP-307VFA0" name="com.testing_features.Prameterized_Concept1" tests="1" failures="0" timestamp="2022-02-23T01:02:45 IST" time="0.030" errors="0">
  <testcase name="resume" time="0.030" classname="com.testing_features.Prameterized_Concept1"/>
  <system-out/>
</testsuite> <!-- com.testing_features.Prameterized_Concept1 -->
