<?xml version="1.0" encoding="UTF-8"?>
<!-- Generated by org.testng.reporters.JUnitReportReporter -->
<testsuite skipped="0" hostname="DESKTOP-307VFA0" name="com.testing_features.Parellel_Testing" tests="2" failures="0" timestamp="2022-02-24T15:18:51 IST" time="0.032" errors="0">
  <testcase name="instagram" time="0.016" classname="com.testing_features.Parellel_Testing"/>
  <system-out/>
  <testcase name="facebook" time="0.016" classname="com.testing_features.Parellel_Testing"/>
  <system-out/>
</testsuite> <!-- com.testing_features.Parellel_Testing -->
