<?xml version="1.0" encoding="UTF-8"?>
<!-- Generated by org.testng.reporters.JUnitReportReporter -->
<testsuite skipped="0" hostname="DESKTOP-307VFA0" name="com.testing_features.Groupof_Ofgroups" tests="3" failures="0" timestamp="2022-02-21T15:38:37 IST" time="0.032" errors="0">
  <testcase name="grapes" time="0.004" classname="com.testing_features.Groupof_Ofgroups"/>
  <system-out/>
  <testcase name="apple" time="0.024" classname="com.testing_features.Groupof_Ofgroups"/>
  <system-out/>
  <testcase name="orange" time="0.004" classname="com.testing_features.Groupof_Ofgroups"/>
  <system-out/>
</testsuite> <!-- com.testing_features.Groupof_Ofgroups -->
