<?xml version="1.0" encoding="UTF-8"?>
<!-- Generated by org.testng.reporters.JUnitReportReporter -->
<testsuite skipped="0" hostname="DESKTOP-307VFA0" name="com.testing_features.Grouping_Groups" tests="3" failures="0" timestamp="2022-02-21T15:19:46 IST" time="0.052" errors="0">
  <testcase name="orange" time="0.009" classname="com.testing_features.Grouping_Groups"/>
  <system-out/>
  <testcase name="grapes" time="0.011" classname="com.testing_features.Grouping_Groups"/>
  <system-out/>
  <testcase name="apple" time="0.032" classname="com.testing_features.Grouping_Groups"/>
  <system-out/>
</testsuite> <!-- com.testing_features.Grouping_Groups -->
