<?xml version="1.0" encoding="UTF-8"?>
<!-- Generated by org.testng.reporters.JUnitReportReporter -->
<testsuite skipped="0" hostname="DESKTOP-307VFA0" name="com.testing_features.Simple_annotations" tests="3" failures="0" timestamp="2022-02-19T14:19:25 IST" time="0.038" errors="0">
  <testcase name="kids" time="0.015" classname="com.testing_features.Simple_annotations"/>
  <system-out/>
  <testcase name="women" time="0.016" classname="com.testing_features.Simple_annotations"/>
  <system-out/>
  <testcase name="men" time="0.007" classname="com.testing_features.Simple_annotations"/>
  <system-out/>
</testsuite> <!-- com.testing_features.Simple_annotations -->
