<?xml version="1.0" encoding="UTF-8"?>
<!-- Generated by org.testng.reporters.JUnitReportReporter -->
<testsuite skipped="0" hostname="DESKTOP-307VFA0" name="com.testing_features.Soft_Assert_Concept" tests="1" failures="0" timestamp="2022-02-25T13:41:07 IST" time="0.031" errors="0">
  <testcase name="demo_password" time="0.031" classname="com.testing_features.Soft_Assert_Concept"/>
  <system-out/>
</testsuite> <!-- com.testing_features.Soft_Assert_Concept -->
