<?xml version="1.0" encoding="UTF-8"?>
<!-- Generated by org.testng.reporters.JUnitReportReporter -->
<testsuite skipped="0" hostname="DESKTOP-307VFA0" name="com.testing_features.Timeout_Concept" tests="1" failures="0" timestamp="2022-02-22T13:11:38 IST" time="6.046" errors="0">
  <testcase name="login" time="6.046" classname="com.testing_features.Timeout_Concept"/>
  <system-out/>
</testsuite> <!-- com.testing_features.Timeout_Concept -->
