<?xml version="1.0" encoding="UTF-8"?>
<!-- Generated by org.testng.reporters.JUnitReportReporter -->
<testsuite skipped="0" hostname="DESKTOP-307VFA0" name="com.testing_features.Dependency_Concept" tests="2" failures="0" timestamp="2022-02-22T11:05:01 IST" time="0.031" errors="0">
  <testcase name="first" time="0.031" classname="com.testing_features.Dependency_Concept"/>
  <system-out/>
  <testcase name="second" time="0.000" classname="com.testing_features.Dependency_Concept"/>
  <system-out/>
</testsuite> <!-- com.testing_features.Dependency_Concept -->
