<?xml version="1.0" encoding="UTF-8"?>
<!-- Generated by org.testng.reporters.JUnitReportReporter -->
<testsuite skipped="0" hostname="DESKTOP-307VFA0" name="com.testing_features.Data_Provider" tests="3" failures="0" timestamp="2022-02-24T14:40:09 IST" time="0.000" errors="0">
  <testcase name="credentials" time="0.000" classname="com.testing_features.Data_Provider"/>
  <system-out/>
  <testcase name="credentials" time="0.000" classname="com.testing_features.Data_Provider"/>
  <system-out/>
  <testcase name="credentials" time="0.000" classname="com.testing_features.Data_Provider"/>
  <system-out/>
</testsuite> <!-- com.testing_features.Data_Provider -->
